-------------------------------------------------------------------------------
Test set: net.trycloud.runners.CukesRunner
-------------------------------------------------------------------------------
Tests run: 1, Failures: 1, Errors: 0, Skipped: 0, Time elapsed: 13.502 s <<< FAILURE! - in net.trycloud.runners.CukesRunner
Login as a user(User should be able to login)  Time elapsed: 13.434 s  <<< FAILURE!
org.junit.ComparisonFailure: expected:<Files - []rycloud> but was:<Files - [T]rycloud>

